 =============  Starting new log at Fri Aug 29 01:26:02 2025
Command line:  -grid /home/talosuazo8/Memoria-de-Titulo-de-Italo/Datos/EasyWave/GrdASCII/salida_ascii2.grd -source /home/talosuazo8/Memoria-de-Titulo-de-Italo/Datos/EasyWave/ParametersFLT/data_parameters_2.flt -time 120
Loading bathymetry from /home/talosuazo8/Memoria-de-Titulo-de-Italo/Datos/EasyWave/GrdASCII/salida_ascii2.grd
Stable CFL time step: 2.40308 sec
Read source from /home/talosuazo8/Memoria-de-Titulo-de-Italo/Datos/EasyWave/ParametersFLT/data_parameters_2.flt

Model parameters for this simulation:
timestep: 2 sec
max time: 120 min
poi_dt_out: 30 sec
poi_report: no
poi_search_dist: 10 km
poi_min_depth: 1 m
poi_max_depth: 10000 m
coriolis: no
min_depth: 10 m
ssh0_rel: 0.01
ssh0_abs: 0 m
ssh_arrival: 0.001 m
ssh_clip: 0.0001 m
ssh_zero: 1e-05 m
ssh_transparency: 0 m

Starting main loop...
Model time = 00:00:00,   elapsed: 3865 msec
Model time = 00:10:00,   elapsed: 4053 msec
Model time = 00:20:00,   elapsed: 4555 msec
Model time = 00:30:00,   elapsed: 5823 msec
Model time = 00:40:00,   elapsed: 7989 msec
Model time = 00:50:00,   elapsed: 10736 msec
Model time = 01:00:00,   elapsed: 14063 msec
Model time = 01:10:00,   elapsed: 17832 msec
Model time = 01:20:00,   elapsed: 22266 msec
Model time = 01:30:00,   elapsed: 27301 msec
Model time = 01:40:00,   elapsed: 33038 msec
Model time = 01:50:00,   elapsed: 39427 msec
Model time = 02:00:00,   elapsed: 46373 msec
Finishing main loop
Final dump...
