 =============  Starting new log at Tue Sep  2 17:10:49 2025
Command line:  -grid /home/talosuazo8/Memoria-de-Titulo-de-Italo/Datos/EasyWave/GrdASCII/salida_ascii1.grd -source /home/talosuazo8/Memoria-de-Titulo-de-Italo/Datos/EasyWave/ParametersFLT/data_parameters_1.flt -time 120
Loading bathymetry from /home/talosuazo8/Memoria-de-Titulo-de-Italo/Datos/EasyWave/GrdASCII/salida_ascii1.grd
Stable CFL time step: 2.40308 sec
 =============  Starting new log at Tue Sep  2 17:12:33 2025
Command line:  -grid /home/talosuazo8/Memoria-de-Titulo-de-Italo/Datos/EasyWave/GrdASCII/salida_ascii_1.grd -source /home/talosuazo8/Memoria-de-Titulo-de-Italo/Datos/EasyWave/ParametersFLT/data_parameters_1.flt -time 120
Loading bathymetry from /home/talosuazo8/Memoria-de-Titulo-de-Italo/Datos/EasyWave/GrdASCII/salida_ascii_1.grd
Stable CFL time step: 2.40308 sec
Read source from /home/talosuazo8/Memoria-de-Titulo-de-Italo/Datos/EasyWave/ParametersFLT/data_parameters_1.flt

Model parameters for this simulation:
timestep: 2 sec
max time: 120 min
poi_dt_out: 30 sec
poi_report: no
poi_search_dist: 10 km
poi_min_depth: 1 m
poi_max_depth: 10000 m
coriolis: no
min_depth: 10 m
ssh0_rel: 0.01
ssh0_abs: 0 m
ssh_arrival: 0.001 m
ssh_clip: 0.0001 m
ssh_zero: 1e-05 m
ssh_transparency: 0 m

Starting main loop...
Model time = 00:00:00,   elapsed: 34526 msec
Model time = 00:10:00,   elapsed: 35396 msec
Model time = 00:20:00,   elapsed: 37128 msec
Model time = 00:30:00,   elapsed: 39953 msec
Model time = 00:40:00,   elapsed: 43724 msec
Model time = 00:50:00,   elapsed: 48061 msec
Model time = 01:00:00,   elapsed: 53264 msec
Model time = 01:10:00,   elapsed: 59407 msec
Model time = 01:20:00,   elapsed: 66180 msec
Model time = 01:30:00,   elapsed: 74001 msec
Model time = 01:40:00,   elapsed: 82253 msec
Model time = 01:50:00,   elapsed: 91343 msec
Model time = 02:00:00,   elapsed: 100523 msec
Finishing main loop
Final dump...
